<?xml version="1.0" encoding="UTF-8"?>
<!-- Generated by org.testng.reporters.JUnitXMLReporter -->
<testsuite hostname="FollozePC-PC" name="Default test" tests="3" failures="0" timestamp="27 Jun 2017 12:37:29 GMT" time="35.639" errors="0">
  <testcase name="LoginSuccess" time="4.24" classname="com.folloze.tests.NewTest"/>
  <testcase name="createBoard" time="14.622" classname="com.folloze.tests.NewTest"/>
  <testcase name="inviteToBoard" time="11.258" classname="com.folloze.tests.NewTest"/>
</testsuite> <!-- Default test -->
