<?xml version="1.0" encoding="UTF-8"?>
<testng-results skipped="0" failed="0" total="1" passed="1">
  <reporter-output>
  </reporter-output>
  <suite name="Default suite" duration-ms="3298" started-at="2017-04-09T11:00:06Z" finished-at="2017-04-09T11:00:09Z">
    <groups>
    </groups>
    <test name="Default test" duration-ms="3298" started-at="2017-04-09T11:00:06Z" finished-at="2017-04-09T11:00:09Z">
      <class name="com.app.tests.App">
        <test-method status="PASS" signature="test()[pri:0, instance:com.app.tests.App@13deb50e]" name="test" duration-ms="3280" started-at="2017-04-09T14:00:06Z" finished-at="2017-04-09T14:00:09Z">
          <reporter-output>
          </reporter-output>
        </test-method> <!-- test -->
      </class> <!-- com.app.tests.App -->
    </test> <!-- Default test -->
  </suite> <!-- Default suite -->
</testng-results>
